<?xml version="1.0" encoding="utf-8"?><testsuites name="pytest tests"><testsuite name="pytest" errors="0" failures="0" skipped="0" tests="14" time="0.170" timestamp="2026-09-16T08:12:17.768072+00:00" hostname="agent-env-84917d5f-bab4-4eda-8134-1d87293b0dc7"><testcase classname="backend.tests.test_auth" name="test_me_requires_valid_token" time="0.007" /><testcase classname="backend.tests.test_auth" name="test_account_save_requires_owner_and_roundtrips" time="0.009" /><testcase classname="backend.tests.test_auth" name="test_users_are_isolated" time="0.006" /><testcase classname="backend.tests.test_auth" name="test_claim_flow_idempotent_and_no_hijack" time="0.013" /><testcase classname="backend.tests.test_auth" name="test_claim_conflict_requires_choice" time="0.010" /><testcase classname="backend.tests.test_saves" name="test_health" time="0.001" /><testcase classname="backend.tests.test_saves" name="test_create_read_update" time="0.006" /><testcase classname="backend.tests.test_saves" name="test_missing_returns_404" time="0.001" /><testcase classname="backend.tests.test_saves" name="test_stale_revision_conflict" time="0.006" /><testcase classname="backend.tests.test_saves" name="test_create_with_nonzero_base_conflicts" time="0.002" /><testcase classname="backend.tests.test_saves" name="test_malformed_rejected" time="0.001" /><testcase classname="backend.tests.test_saves" name="test_negative_coins_rejected" time="0.001" /><testcase classname="backend.tests.test_saves" name="test_unsupported_schema_rejected" time="0.001" /><testcase classname="backend.tests.test_saves" name="test_invalid_player_id_rejected" time="0.001" /></testsuite></testsuites>